18:03:22 **** Build of configuration Debug for project bst ****
make all 
Building file: ../main.cpp
Invoking: GCC C++ Compiler
g++ -O0 -g3 -Wall -c -fmessage-length=0 -MMD -MP -MF"main.d" -MT"main.d" -o "main.o" "../main.cpp"
Finished building: ../main.cpp
 
Building target: bst
Invoking: GCC C++ Linker
g++  -o "bst"  ./main.o   
Finished building target: bst
 
18:03:29 **** Incremental Build of configuration Debug for project bst ****
make all 
make: Nothing to be done for `all'.
20:57:35 **** Incremental Build of configuration Debug for project bst ****
make all 
Building file: ../main.cpp
Invoking: GCC C++ Compiler
g++ -O0 -g3 -Wall -c -fmessage-length=0 -MMD -MP -MF"main.d" -MT"main.d" -o "main.o" "../main.cpp"
Finished building: ../main.cpp
 
Building target: bst
Invoking: GCC C++ Linker
g++  -o "bst"  ./main.o   
Finished building target: bst
 
20:57:39 **** Incremental Build of configuration Debug for project bst ****
make all 
make: Nothing to be done for `all'.
20:57:43 **** Incremental Build of configuration Debug for project bst ****
make all 
make: Nothing to be done for `all'.
20:58:48 **** Incremental Build of configuration Debug for project bst ****
make all 
make: Nothing to be done for `all'.
21:03:45 **** Incremental Build of configuration Debug for project bst ****
make all 
make: Nothing to be done for `all'.
21:06:45 **** Incremental Build of configuration Debug for project bst ****
make all 
make: Nothing to be done for `all'.
21:08:02 **** Incremental Build of configuration Debug for project bst ****
make all 
make: Nothing to be done for `all'.
